::1 - - [31/Aug/2020:09:03:11 +1200] "GET / HTTP/1.1" 200 259
::1 - - [31/Aug/2020:09:03:12 +1200] "GET / HTTP/1.1" 200 259
::1 - - [31/Aug/2020:09:03:20 +1200] "GET /favicon.ico HTTP/1.1" 404 209
::1 - - [31/Aug/2020:09:03:26 +1200] "GET /site_template/ HTTP/1.1" 200 1828
::1 - - [31/Aug/2020:09:03:26 +1200] "GET /site_template/images/logo.png HTTP/1.1" 200 79117
::1 - - [31/Aug/2020:09:03:29 +1200] "GET /site_template/showall.php HTTP/1.1" 200 2259
::1 - - [31/Aug/2020:09:04:35 +1200] "GET /site_template/showall.php HTTP/1.1" 200 194034
::1 - - [31/Aug/2020:09:09:51 +1200] "GET /site_template/showall.php HTTP/1.1" 200 199495
::1 - - [31/Aug/2020:09:10:49 +1200] "GET /phpmyadmin/ HTTP/1.1" 200 7945
::1 - - [31/Aug/2020:09:10:49 +1200] "GET /phpmyadmin/phpmyadmin.css.php?server=1&token=451fee5775fe72f903de13dbb35ab1f6&nocache=4125195912ltr HTTP/1.1" 200 88608
::1 - - [31/Aug/2020:09:10:49 +1200] "GET /phpmyadmin/js/messages.php?lang=en&db=&server=0&token=ac7718b284422eff0dd63c743b318e1d HTTP/1.1" 200 16674
::1 - - [31/Aug/2020:09:10:49 +1200] "GET /phpmyadmin/js/get_image.js.php?theme=pmahomme HTTP/1.1" 200 6263
::1 - - [31/Aug/2020:09:10:50 +1200] "GET /phpmyadmin/themes/pmahomme/img/logo_right.png HTTP/1.1" 200 4548
::1 - - [31/Aug/2020:09:10:49 +1200] "GET /phpmyadmin/js/get_scripts.js.php?scripts[]=jquery/jquery-1.8.3.js&scripts[]=ajax.js&scripts[]=keyhandler.js&scripts[]=jquery/jquery-ui-1.9.2.custom.js&scripts[]=jquery/jquery.sprintf.js&scripts[]=jquery/jquery.cookie.js&scripts[]=jquery/jquery.mousewheel.js&scripts[]=jquery/jquery.event.drag-2.2.js&scripts[]=jquery/jquery-ui-timepicker-addon.js&scripts[]=jquery/jquery.ba-hashchange-1.3.js&scripts[]=jquery/jquery.debounce-1.0.5.js&scripts[]=jquery/jquery.menuResizer-1.0.js&scripts[]=rte.js&scripts[]=functions.js&scripts[]=navigation.js&scripts[]=indexes.js&scripts[]=common.js&scripts[]=codemirror/lib/codemirror.js&scripts[]=codemirror/mode/mysql/mysql.js HTTP/1.1" 200 578562
::1 - - [31/Aug/2020:09:10:54 +1200] "POST /phpmyadmin/index.php HTTP/1.1" 302 -
::1 - - [31/Aug/2020:09:10:54 +1200] "GET /phpmyadmin/index.php?token=451fee5775fe72f903de13dbb35ab1f6 HTTP/1.1" 200 42586
::1 - - [31/Aug/2020:09:10:54 +1200] "GET /phpmyadmin/phpmyadmin.css.php?server=1&token=451fee5775fe72f903de13dbb35ab1f6&nocache=5724017766ltr HTTP/1.1" 200 88608
::1 - - [31/Aug/2020:09:10:54 +1200] "GET /phpmyadmin/js/messages.php?lang=en&db=&server=0&token=451fee5775fe72f903de13dbb35ab1f6 HTTP/1.1" 200 16674
::1 - - [31/Aug/2020:09:10:55 +1200] "GET /phpmyadmin/version_check.php?&_nocache=1598821855200191014 HTTP/1.1" 200 39
::1 - - [31/Aug/2020:09:10:59 +1200] "GET /phpmyadmin/db_structure.php?server=1&db=game_database&token=451fee5775fe72f903de13dbb35ab1f6&ajax_request=true&ajax_page_request=true&menuHashes=259e3378&_nocache=1598821859859825703 HTTP/1.1" 200 18277
::1 - - [31/Aug/2020:09:11:00 +1200] "GET /phpmyadmin/themes/pmahomme/img/arrow_ltr.png HTTP/1.1" 200 139
::1 - - [31/Aug/2020:09:11:00 +1200] "GET /phpmyadmin/js/get_scripts.js.php?scripts[]=db_structure.js&scripts[]=tbl_change.js HTTP/1.1" 200 12382
::1 - - [31/Aug/2020:09:11:04 +1200] "GET /phpmyadmin/sql.php?db=game_database&token=451fee5775fe72f903de13dbb35ab1f6&goto=db_structure.php&table=game_details&pos=0&ajax_request=true&ajax_page_request=true&menuHashes=259e3378-c2e7b042&_nocache=1598821863991722374 HTTP/1.1" 200 121452
::1 - - [31/Aug/2020:09:11:04 +1200] "GET /phpmyadmin/js/get_scripts.js.php?scripts[]=tbl_structure.js&scripts[]=gis_data_editor.js&scripts[]=makegrid.js&scripts[]=sql.js HTTP/1.1" 200 50287
::1 - - [31/Aug/2020:09:11:04 +1200] "GET /phpmyadmin/index.php?ajax_request=1&recent_table=1&token=451fee5775fe72f903de13dbb35ab1f6 HTTP/1.1" 200 234
::1 - - [31/Aug/2020:09:11:06 +1200] "GET /phpmyadmin/tbl_structure.php?db=game_database&table=game_details&token=451fee5775fe72f903de13dbb35ab1f6&ajax_request=true&ajax_page_request=true&menuHashes=259e3378-c2e7b042-7ef1ad03&_nocache=1598821866919699971 HTTP/1.1" 200 64655
::1 - - [31/Aug/2020:09:11:07 +1200] "GET /phpmyadmin/index.php?ajax_request=1&recent_table=1&token=451fee5775fe72f903de13dbb35ab1f6 HTTP/1.1" 200 234
::1 - - [31/Aug/2020:09:12:34 +1200] "GET /site_template/showall.php HTTP/1.1" 200 181
::1 - - [31/Aug/2020:09:13:11 +1200] "GET /site_template/showall.php HTTP/1.1" 200 181
::1 - - [31/Aug/2020:09:13:25 +1200] "GET /site_template/showall.php HTTP/1.1" 200 235667
::1 - - [31/Aug/2020:09:13:37 +1200] "GET /site_template/showall.php HTTP/1.1" 200 233980
::1 - - [31/Aug/2020:09:14:16 +1200] "GET /phpmyadmin/index.php?token=451fee5775fe72f903de13dbb35ab1f6 HTTP/1.1" 200 42675
::1 - - [31/Aug/2020:09:14:16 +1200] "GET /phpmyadmin/tbl_structure.php?db=game_database&table=game_details&server=1&target=&token=451fee5775fe72f903de13dbb35ab1f6 HTTP/1.1" 200 64783
::1 - - [31/Aug/2020:09:14:16 +1200] "GET /phpmyadmin/js/get_scripts.js.php?scripts[]=jquery/jquery-1.8.3.js&scripts[]=ajax.js&scripts[]=keyhandler.js&scripts[]=jquery/jquery-ui-1.9.2.custom.js&scripts[]=jquery/jquery.sprintf.js&scripts[]=jquery/jquery.cookie.js&scripts[]=jquery/jquery.mousewheel.js&scripts[]=jquery/jquery.event.drag-2.2.js&scripts[]=jquery/jquery-ui-timepicker-addon.js&scripts[]=jquery/jquery.ba-hashchange-1.3.js&scripts[]=jquery/jquery.debounce-1.0.5.js&scripts[]=jquery/jquery.menuResizer-1.0.js&scripts[]=rte.js&scripts[]=functions.js&scripts[]=navigation.js&scripts[]=indexes.js&scripts[]=common.js&scripts[]=tbl_structure.js&scripts[]=codemirror/lib/codemirror.js&scripts[]=codemirror/mode/mysql/mysql.js HTTP/1.1" 200 586058
::1 - - [31/Aug/2020:09:14:16 +1200] "GET /phpmyadmin/js/messages.php?lang=en&db=game_database&token=451fee5775fe72f903de13dbb35ab1f6 HTTP/1.1" 200 16674
::1 - - [31/Aug/2020:09:14:17 +1200] "GET /phpmyadmin/index.php?ajax_request=1&recent_table=1&token=451fee5775fe72f903de13dbb35ab1f6 HTTP/1.1" 200 234
::1 - - [31/Aug/2020:09:14:17 +1200] "GET /site_template/showall.php HTTP/1.1" 200 233980
::1 - - [31/Aug/2020:09:14:34 +1200] "GET /site_template/showall.php HTTP/1.1" 200 237354
::1 - - [31/Aug/2020:09:14:45 +1200] "GET /site_template/showall.php HTTP/1.1" 200 237354
::1 - - [31/Aug/2020:09:14:54 +1200] "GET /phpmyadmin/sql.php?db=game_database&table=game_details&token=451fee5775fe72f903de13dbb35ab1f6&pos=0&ajax_request=true&ajax_page_request=true&menuHashes=250b8566&_nocache=1598822094020753132 HTTP/1.1" 200 121452
::1 - - [31/Aug/2020:09:14:54 +1200] "GET /phpmyadmin/js/get_scripts.js.php?scripts[]=tbl_change.js&scripts[]=gis_data_editor.js&scripts[]=makegrid.js&scripts[]=sql.js HTTP/1.1" 200 49806
::1 - - [31/Aug/2020:09:14:54 +1200] "GET /phpmyadmin/index.php?ajax_request=1&recent_table=1&token=451fee5775fe72f903de13dbb35ab1f6 HTTP/1.1" 200 234
::1 - - [31/Aug/2020:09:15:25 +1200] "GET /phpmyadmin/tbl_change.php?db=game_database&table=game_details&where_clause=%60game_details%60.%60ID%60+%3D+1&clause_is_unique=1&sql_query=SELECT+%2A+FROM+%60game_details%60&goto=sql.php&default_action=update&token=451fee5775fe72f903de13dbb35ab1f6&ajax_request=true&ajax_page_request=true&menuHashes=250b8566-7ef1ad03&_nocache=1598822125423701323 HTTP/1.1" 200 52636
::1 - - [31/Aug/2020:09:15:25 +1200] "GET /phpmyadmin/index.php?ajax_request=1&recent_table=1&token=451fee5775fe72f903de13dbb35ab1f6 HTTP/1.1" 200 234
::1 - - [31/Aug/2020:09:16:32 +1200] "GET /phpmyadmin/sql.php?db=game_database&table=game_details&token=451fee5775fe72f903de13dbb35ab1f6&pos=0&ajax_request=true&ajax_page_request=true&menuHashes=250b8566-7ef1ad03-0749b799&_nocache=159882219240715141 HTTP/1.1" 200 118292
::1 - - [31/Aug/2020:09:16:33 +1200] "GET /phpmyadmin/index.php?ajax_request=1&recent_table=1&token=451fee5775fe72f903de13dbb35ab1f6 HTTP/1.1" 200 234
::1 - - [31/Aug/2020:09:18:16 +1200] "GET /phpmyadmin/tbl_structure.php?db=game_database&table=game_details&token=451fee5775fe72f903de13dbb35ab1f6&ajax_request=true&ajax_page_request=true&menuHashes=250b8566-7ef1ad03-0749b799&_nocache=1598822296422981496 HTTP/1.1" 200 61495
::1 - - [31/Aug/2020:09:18:16 +1200] "GET /phpmyadmin/index.php?ajax_request=1&recent_table=1&token=451fee5775fe72f903de13dbb35ab1f6 HTTP/1.1" 200 234
::1 - - [31/Aug/2020:09:24:18 +1200] "GET /phpmyadmin/sql.php?db=game_database&table=game_details&token=451fee5775fe72f903de13dbb35ab1f6&pos=0&ajax_request=true&ajax_page_request=true&menuHashes=250b8566-7ef1ad03-0749b799&_nocache=1598822658168323008 HTTP/1.1" 200 118292
::1 - - [31/Aug/2020:09:24:18 +1200] "GET /phpmyadmin/index.php?ajax_request=1&recent_table=1&token=451fee5775fe72f903de13dbb35ab1f6 HTTP/1.1" 200 234
::1 - - [31/Aug/2020:09:24:22 +1200] "GET /phpmyadmin/querywindow.php?token=451fee5775fe72f903de13dbb35ab1f6&server=1&db=game_database&table=game_details&sql_query=SELECT%20*%20FROM%20%60game_details%60&init=1 HTTP/1.1" 200 8821
::1 - - [31/Aug/2020:09:24:23 +1200] "GET /phpmyadmin/js/get_scripts.js.php?scripts[]=jquery/jquery-1.8.3.js&scripts[]=ajax.js&scripts[]=keyhandler.js&scripts[]=jquery/jquery-ui-1.9.2.custom.js&scripts[]=jquery/jquery.sprintf.js&scripts[]=jquery/jquery.cookie.js&scripts[]=jquery/jquery.mousewheel.js&scripts[]=jquery/jquery.event.drag-2.2.js&scripts[]=jquery/jquery-ui-timepicker-addon.js&scripts[]=jquery/jquery.ba-hashchange-1.3.js&scripts[]=jquery/jquery.debounce-1.0.5.js&scripts[]=jquery/jquery.menuResizer-1.0.js&scripts[]=rte.js&scripts[]=functions.js&scripts[]=navigation.js&scripts[]=indexes.js&scripts[]=common.js&scripts[]=querywindow.js&scripts[]=codemirror/lib/codemirror.js&scripts[]=codemirror/mode/mysql/mysql.js HTTP/1.1" 200 578973
::1 - - [31/Aug/2020:09:24:28 +1200] "GET /phpmyadmin/tbl_operations.php?db=game_database&table=game_details&token=451fee5775fe72f903de13dbb35ab1f6&ajax_request=true&ajax_page_request=true&menuHashes=250b8566-7ef1ad03-0749b799&_nocache=1598822668234633683 HTTP/1.1" 200 40676
::1 - - [31/Aug/2020:09:24:28 +1200] "GET /phpmyadmin/index.php?ajax_request=1&recent_table=1&token=451fee5775fe72f903de13dbb35ab1f6 HTTP/1.1" 200 234
::1 - - [31/Aug/2020:09:24:32 +1200] "GET /phpmyadmin/themes/pmahomme/jquery/images/ui-bg_highlight-soft_75_cccccc_1x100.png HTTP/1.1" 200 101
::1 - - [31/Aug/2020:09:24:32 +1200] "GET /phpmyadmin/themes/pmahomme/jquery/images/ui-bg_flat_75_ffffff_40x100.png HTTP/1.1" 200 178
::1 - - [31/Aug/2020:09:24:32 +1200] "GET /phpmyadmin/themes/pmahomme/jquery/images/ui-bg_glass_75_e6e6e6_1x400.png HTTP/1.1" 200 110
::1 - - [31/Aug/2020:09:24:32 +1200] "GET /phpmyadmin/themes/pmahomme/jquery/images/ui-icons_222222_256x240.png HTTP/1.1" 200 4369
::1 - - [31/Aug/2020:09:24:32 +1200] "GET /phpmyadmin/themes/pmahomme/jquery/images/ui-bg_flat_0_aaaaaa_40x100.png HTTP/1.1" 200 180
::1 - - [31/Aug/2020:09:24:32 +1200] "GET /phpmyadmin/themes/pmahomme/jquery/images/ui-bg_glass_75_dadada_1x400.png HTTP/1.1" 200 159
::1 - - [31/Aug/2020:09:24:33 +1200] "GET /phpmyadmin/themes/pmahomme/jquery/images/ui-bg_glass_65_ffffff_1x400.png HTTP/1.1" 200 105
::1 - - [31/Aug/2020:09:24:33 +1200] "GET /phpmyadmin/sql.php?db=game_database&table=game_details&back=tbl_operations.php&goto=tbl_structure.php&sql_query=TRUNCATE+TABLE+%60game_details%60&reload=1&message_to_show=Table+game_details+has+been+emptied&token=451fee5775fe72f903de13dbb35ab1f6&is_js_confirmed=1&ajax_request=true&_nocache=1598822673916292297 HTTP/1.1" 200 1850
::1 - - [31/Aug/2020:09:24:35 +1200] "GET /phpmyadmin/tbl_structure.php?db=game_database&table=game_details&token=451fee5775fe72f903de13dbb35ab1f6&ajax_request=true&ajax_page_request=true&menuHashes=250b8566-7ef1ad03-0749b799-a2a990a8&_nocache=1598822675924256963 HTTP/1.1" 200 61487
::1 - - [31/Aug/2020:09:24:36 +1200] "GET /phpmyadmin/index.php?ajax_request=1&recent_table=1&token=451fee5775fe72f903de13dbb35ab1f6 HTTP/1.1" 200 234
::1 - - [31/Aug/2020:09:24:38 +1200] "GET /phpmyadmin/sql.php?db=game_database&table=game_details&token=451fee5775fe72f903de13dbb35ab1f6&pos=0&ajax_request=true&ajax_page_request=true&menuHashes=250b8566-7ef1ad03-0749b799-a2a990a8&_nocache=1598822678040640912 HTTP/1.1" 200 7389
::1 - - [31/Aug/2020:09:24:38 +1200] "GET /phpmyadmin/index.php?ajax_request=1&recent_table=1&token=451fee5775fe72f903de13dbb35ab1f6 HTTP/1.1" 200 234
::1 - - [31/Aug/2020:09:24:38 +1200] "GET /phpmyadmin/tbl_import.php?db=game_database&table=game_details&token=451fee5775fe72f903de13dbb35ab1f6&ajax_request=true&ajax_page_request=true&menuHashes=250b8566-7ef1ad03-0749b799-a2a990a8&_nocache=1598822678984791142 HTTP/1.1" 200 18070
::1 - - [31/Aug/2020:09:24:39 +1200] "GET /phpmyadmin/js/get_scripts.js.php?scripts[]=import.js HTTP/1.1" 200 1584
::1 - - [31/Aug/2020:09:24:39 +1200] "GET /phpmyadmin/index.php?ajax_request=1&recent_table=1&token=451fee5775fe72f903de13dbb35ab1f6 HTTP/1.1" 200 234
::1 - - [31/Aug/2020:09:25:00 +1200] "POST /phpmyadmin/import.php HTTP/1.1" 200 22547
::1 - - [31/Aug/2020:09:25:02 +1200] "GET /phpmyadmin/js/get_scripts.js.php?scripts[]=jquery/jquery-1.8.3.js&scripts[]=ajax.js&scripts[]=keyhandler.js&scripts[]=jquery/jquery-ui-1.9.2.custom.js&scripts[]=jquery/jquery.sprintf.js&scripts[]=jquery/jquery.cookie.js&scripts[]=jquery/jquery.mousewheel.js&scripts[]=jquery/jquery.event.drag-2.2.js&scripts[]=jquery/jquery-ui-timepicker-addon.js&scripts[]=jquery/jquery.ba-hashchange-1.3.js&scripts[]=jquery/jquery.debounce-1.0.5.js&scripts[]=jquery/jquery.menuResizer-1.0.js&scripts[]=rte.js&scripts[]=functions.js&scripts[]=navigation.js&scripts[]=indexes.js&scripts[]=common.js&scripts[]=import.js&scripts[]=codemirror/lib/codemirror.js&scripts[]=codemirror/mode/mysql/mysql.js HTTP/1.1" 200 580146
::1 - - [31/Aug/2020:09:25:02 +1200] "GET /phpmyadmin/js/messages.php?lang=en&db=game_database&server=0&token=451fee5775fe72f903de13dbb35ab1f6 HTTP/1.1" 200 16674
::1 - - [31/Aug/2020:09:25:02 +1200] "GET /phpmyadmin/index.php?ajax_request=1&recent_table=1&token=451fee5775fe72f903de13dbb35ab1f6 HTTP/1.1" 200 234
::1 - - [31/Aug/2020:09:25:04 +1200] "GET /phpmyadmin/sql.php?db=game_database&table=game_details&token=451fee5775fe72f903de13dbb35ab1f6&pos=0&ajax_request=true&ajax_page_request=true&_nocache=1598822703995948863 HTTP/1.1" 200 167971
::1 - - [31/Aug/2020:09:25:04 +1200] "GET /phpmyadmin/js/get_scripts.js.php?scripts[]=tbl_change.js&scripts[]=tbl_structure.js&scripts[]=gis_data_editor.js&scripts[]=makegrid.js&scripts[]=sql.js HTTP/1.1" 200 57302
::1 - - [31/Aug/2020:09:25:04 +1200] "GET /phpmyadmin/index.php?ajax_request=1&recent_table=1&token=451fee5775fe72f903de13dbb35ab1f6 HTTP/1.1" 200 234
::1 - - [31/Aug/2020:09:25:32 +1200] "GET /phpmyadmin/tbl_structure.php?db=game_database&table=game_details&token=451fee5775fe72f903de13dbb35ab1f6&ajax_request=true&ajax_page_request=true&menuHashes=7ef1ad03&_nocache=1598822732777877722 HTTP/1.1" 200 64659
::1 - - [31/Aug/2020:09:25:33 +1200] "GET /phpmyadmin/index.php?ajax_request=1&recent_table=1&token=451fee5775fe72f903de13dbb35ab1f6 HTTP/1.1" 200 234
::1 - - [31/Aug/2020:09:25:59 +1200] "GET /phpmyadmin/sql.php?db=game_database&table=game_details&token=451fee5775fe72f903de13dbb35ab1f6&pos=0&ajax_request=true&ajax_page_request=true&menuHashes=7ef1ad03-250b8566&_nocache=1598822759550579747 HTTP/1.1" 200 164811
::1 - - [31/Aug/2020:09:26:00 +1200] "GET /phpmyadmin/index.php?ajax_request=1&recent_table=1&token=451fee5775fe72f903de13dbb35ab1f6 HTTP/1.1" 200 234
::1 - - [31/Aug/2020:09:26:00 +1200] "GET /phpmyadmin/tbl_operations.php?db=game_database&table=game_details&token=451fee5775fe72f903de13dbb35ab1f6&ajax_request=true&ajax_page_request=true&menuHashes=7ef1ad03-250b8566&_nocache=1598822760658233505 HTTP/1.1" 200 40676
::1 - - [31/Aug/2020:09:26:01 +1200] "GET /phpmyadmin/index.php?ajax_request=1&recent_table=1&token=451fee5775fe72f903de13dbb35ab1f6 HTTP/1.1" 200 234
::1 - - [31/Aug/2020:09:26:04 +1200] "GET /phpmyadmin/sql.php?db=game_database&table=game_details&back=tbl_operations.php&goto=tbl_structure.php&sql_query=TRUNCATE+TABLE+%60game_details%60&reload=1&message_to_show=Table+game_details+has+been+emptied&token=451fee5775fe72f903de13dbb35ab1f6&is_js_confirmed=1&ajax_request=true&_nocache=1598822764784420645 HTTP/1.1" 200 1850
::1 - - [31/Aug/2020:09:26:05 +1200] "GET /phpmyadmin/tbl_import.php?db=game_database&table=game_details&token=451fee5775fe72f903de13dbb35ab1f6&ajax_request=true&ajax_page_request=true&menuHashes=7ef1ad03-250b8566-a2a990a8&_nocache=1598822765940679554 HTTP/1.1" 200 18070
::1 - - [31/Aug/2020:09:26:06 +1200] "GET /phpmyadmin/index.php?ajax_request=1&recent_table=1&token=451fee5775fe72f903de13dbb35ab1f6 HTTP/1.1" 200 234
::1 - - [31/Aug/2020:09:26:15 +1200] "POST /phpmyadmin/import.php HTTP/1.1" 200 22547
::1 - - [31/Aug/2020:09:26:17 +1200] "GET /phpmyadmin/index.php?ajax_request=1&recent_table=1&token=451fee5775fe72f903de13dbb35ab1f6 HTTP/1.1" 200 234
::1 - - [31/Aug/2020:09:26:18 +1200] "GET /phpmyadmin/sql.php?db=game_database&table=game_details&token=451fee5775fe72f903de13dbb35ab1f6&pos=0&ajax_request=true&ajax_page_request=true&_nocache=1598822778914264289 HTTP/1.1" 200 168007
::1 - - [31/Aug/2020:09:26:19 +1200] "GET /phpmyadmin/index.php?ajax_request=1&recent_table=1&token=451fee5775fe72f903de13dbb35ab1f6 HTTP/1.1" 200 234
::1 - - [31/Aug/2020:09:26:30 +1200] "GET /site_template/showall.php HTTP/1.1" 200 237676
::1 - - [31/Aug/2020:09:28:42 +1200] "GET /site_template/showall.php HTTP/1.1" 200 654913
