2020-07-30 14:54:47 14120 [Note] Plugin 'FEDERATED' is disabled.
2020-07-30 14:54:47 14120 [Note] InnoDB: The InnoDB memory heap is disabled
2020-07-30 14:54:47 14120 [Note] InnoDB: Mutexes and rw_locks use Windows interlocked functions
2020-07-30 14:54:47 14120 [Note] InnoDB: Compressed tables use zlib 1.2.3
2020-07-30 14:54:47 14120 [Note] InnoDB: Not using CPU crc32 instructions
2020-07-30 14:54:47 14120 [Note] InnoDB: Initializing buffer pool, size = 128.0M
2020-07-30 14:54:47 14120 [Note] InnoDB: Completed initialization of buffer pool
2020-07-30 14:54:47 14120 [Note] InnoDB: Setting log file C:\Users\eturn\Downloads\Databases\mysql\data\ib_logfile101 size to 5 MB
2020-07-30 14:54:47 14120 [Note] InnoDB: Setting log file C:\Users\eturn\Downloads\Databases\mysql\data\ib_logfile1 size to 5 MB
2020-07-30 14:54:47 14120 [Note] InnoDB: Renaming log file C:\Users\eturn\Downloads\Databases\mysql\data\ib_logfile101 to C:\Users\eturn\Downloads\Databases\mysql\data\ib_logfile0
2020-07-30 14:54:47 14120 [Warning] InnoDB: New log files created, LSN=1626134
2020-07-30 14:54:47 14120 [Note] InnoDB: Highest supported file format is Barracuda.
2020-07-30 14:54:48 14120 [Note] InnoDB: 128 rollback segment(s) are active.
2020-07-30 14:54:48 14120 [Note] InnoDB: Waiting for purge to start
2020-07-30 14:54:48 14120 [Note] InnoDB: 5.6.13 started; log sequence number 1626636
2020-07-30 14:54:48 14120 [Warning] No existing UUID has been found, so we assume that this is the first time that this server has been started. Generating a new UUID: 07de6af2-d210-11ea-81f9-0a0027000011.
2020-07-30 14:54:48 14120 [Note] Server hostname (bind-address): '*'; port: 3307
2020-07-30 14:54:48 14120 [Note] IPv6 is available.
2020-07-30 14:54:48 14120 [Note]   - '::' resolves to '::';
2020-07-30 14:54:48 14120 [Note] Server socket created on IP: '::'.
2020-08-03 09:58:45 5664 [Note] Plugin 'FEDERATED' is disabled.
2020-08-03 09:58:45 5664 [Note] InnoDB: The InnoDB memory heap is disabled
2020-08-03 09:58:45 5664 [Note] InnoDB: Mutexes and rw_locks use Windows interlocked functions
2020-08-03 09:58:45 5664 [Note] InnoDB: Compressed tables use zlib 1.2.3
2020-08-03 09:58:45 5664 [Note] InnoDB: Not using CPU crc32 instructions
2020-08-03 09:58:45 5664 [Note] InnoDB: Initializing buffer pool, size = 128.0M
2020-08-03 09:58:45 5664 [Note] InnoDB: Completed initialization of buffer pool
2020-08-03 09:58:45 5664 [Note] InnoDB: Highest supported file format is Barracuda.
2020-08-03 09:58:45 5664 [Note] InnoDB: The log sequence numbers 1626134 and 1626134 in ibdata files do not match the log sequence number 1626646 in the ib_logfiles!
2020-08-03 09:58:45 5664 [Note] InnoDB: Database was not shutdown normally!
2020-08-03 09:58:45 5664 [Note] InnoDB: Starting crash recovery.
2020-08-03 09:58:45 5664 [Note] InnoDB: Reading tablespace information from the .ibd files...
2020-08-03 09:58:45 5664 [Note] InnoDB: Restoring possible half-written data pages 
2020-08-03 09:58:45 5664 [Note] InnoDB: from the doublewrite buffer...
2020-08-03 09:58:45 5664 [Note] InnoDB: 128 rollback segment(s) are active.
2020-08-03 09:58:45 5664 [Note] InnoDB: Waiting for purge to start
2020-08-03 09:58:46 5664 [Note] InnoDB: 5.6.13 started; log sequence number 1626646
2020-08-03 09:58:46 5664 [Note] Server hostname (bind-address): '*'; port: 3307
2020-08-03 09:58:46 5664 [Note] IPv6 is available.
2020-08-03 09:58:46 5664 [Note]   - '::' resolves to '::';
2020-08-03 09:58:46 5664 [Note] Server socket created on IP: '::'.
2020-08-24 09:47:31 8284 [Note] Plugin 'FEDERATED' is disabled.
2020-08-24 09:47:31 8284 [Note] InnoDB: The InnoDB memory heap is disabled
2020-08-24 09:47:31 8284 [Note] InnoDB: Mutexes and rw_locks use Windows interlocked functions
2020-08-24 09:47:31 8284 [Note] InnoDB: Compressed tables use zlib 1.2.3
2020-08-24 09:47:31 8284 [Note] InnoDB: Not using CPU crc32 instructions
2020-08-24 09:47:31 8284 [Note] InnoDB: Initializing buffer pool, size = 128.0M
2020-08-24 09:47:31 8284 [Note] InnoDB: Completed initialization of buffer pool
2020-08-24 09:47:31 8284 [Note] InnoDB: Highest supported file format is Barracuda.
2020-08-24 09:47:31 8284 [Note] InnoDB: The log sequence numbers 1626134 and 1626134 in ibdata files do not match the log sequence number 1626656 in the ib_logfiles!
2020-08-24 09:47:31 8284 [Note] InnoDB: Database was not shutdown normally!
2020-08-24 09:47:31 8284 [Note] InnoDB: Starting crash recovery.
2020-08-24 09:47:31 8284 [Note] InnoDB: Reading tablespace information from the .ibd files...
2020-08-24 09:47:31 8284 [Note] InnoDB: Restoring possible half-written data pages 
2020-08-24 09:47:31 8284 [Note] InnoDB: from the doublewrite buffer...
2020-08-24 09:47:31 8284 [Note] InnoDB: 128 rollback segment(s) are active.
2020-08-24 09:47:31 8284 [Note] InnoDB: Waiting for purge to start
2020-08-24 09:47:31 8284 [Note] InnoDB: 5.6.13 started; log sequence number 1626656
2020-08-24 09:47:31 8284 [Note] Server hostname (bind-address): '*'; port: 3307
2020-08-24 09:47:31 8284 [Note] IPv6 is available.
2020-08-24 09:47:31 8284 [Note]   - '::' resolves to '::';
2020-08-24 09:47:31 8284 [Note] Server socket created on IP: '::'.
2020-08-25 11:50:40 9296 [Note] Plugin 'FEDERATED' is disabled.
2020-08-25 11:50:40 9296 [Note] InnoDB: The InnoDB memory heap is disabled
2020-08-25 11:50:40 9296 [Note] InnoDB: Mutexes and rw_locks use Windows interlocked functions
2020-08-25 11:50:40 9296 [Note] InnoDB: Compressed tables use zlib 1.2.3
2020-08-25 11:50:40 9296 [Note] InnoDB: Not using CPU crc32 instructions
2020-08-25 11:50:40 9296 [Note] InnoDB: Initializing buffer pool, size = 128.0M
2020-08-25 11:50:42 020-08-25 11:50:40 9296 [Note] InnoDB: Compl
eted initialization of buffer pool
2020-08-25 11:50:40 6080 [Note] InnoDB: The InnoDB memory heap is disabled
2020-08-25 11:50:40 6080 [Note] InnoDB: Mutexes and rw_locks use Windows interlocked functions
2020-08-25 11:50:40 6080 [Note] InnoDB: Compressed tables use zlib 1.2.3
2020-08-25 11:50:40 6080 [Note] InnoDB: Not using CPU crc32 instructions
2020-08-25 11:50:40 6080 [Note] InnoDB: Initializing buffer pool, size = 128.0M
2020-08-25 11:50:40 6080 [Note] InnoDB: Completed initialization of buffer pool
2020-08-25 11:50:40 9296 [Note] InnoDB: Highest supported file format is Barracuda.
2020-08-25 11:50:40 9296 [Note] InnoDB: The log sequence numbers 1626134 and 1626134 in ibdata files do not match the log sequence number 1626666 in the ib_logfiles!
2020-08-25 11:50:40 9296 [Note] InnoDB: Database was not shutdown normally!
2020-08-25 11:50:40 9296 [Note] InnoDB: Starting crash recovery.
2020-08-25 11:50:40 6080 [ERROR] InnoDB: C:\Users\eturn\Documents\Database-l2\mysql\data\ibdata1 can't be opened in read-write mode
2020-08-25 11:50:40 9296 [Note] InnoDB: Reading tablespace information from the .ibd files...
2020-08-25 11:50:40 6080 [ERROR] InnoDB: The system tablespace must be writable!
2020-08-25 11:50:40 6080 [ERROR] Plugin 'InnoDB' init function returned error.
2020-08-25 11:50:40 6080 [ERROR] Plugin 'InnoDB' registration as a STORAGE ENGINE failed.
2020-08-25 11:50:46 7908 [Note] Plugin 'FEDERATED' is disabled.
2020-08-25 11:50:46 7908 [Note] InnoDB: The InnoDB memory heap is disabled
2020-08-25 11:50:46 7908 [Note] InnoDB: Mutexes and rw_locks use Windows interlocked functions
2020-08-25 11:50:46 7908 [Note] InnoDB: Compressed tables use zlib 1.2.3
2020-08-25 11:50:46 7908 [Note] InnoDB: Not using CPU crc32 instructions
2020-08-25 11:50:46 7908 [Note] InnoDB: Initializing buffer pool, size = 128.0M
2020-08-25 11:50:46 7908 [Note] InnoDB: Completed initialization of buffer pool
2020-08-25 11:50:46 7908 [Note] InnoDB: Highest supported file format is Barracuda.
2020-08-25 11:50:46 7908 [Note] InnoDB: The log sequence numbers 1626134 and 1626134 in ibdata files do not match the log sequence number 1626666 in the ib_logfiles!
2020-08-25 11:50:46 7908 [Note] InnoDB: Database was not shutdown normally!
2020-08-25 11:50:46 7908 [Note] InnoDB: Starting crash recovery.
2020-08-25 11:50:46 7908 [Note] InnoDB: Reading tablespace information from the .ibd files...
2020-08-25 11:50:47 7908 [Note] InnoDB: Restoring possible half-written data pages 
2020-08-25 11:50:47 7908 [Note] InnoDB: from the doublewrite buffer...
2020-08-25 11:50:47 7908 [Note] InnoDB: 128 rollback segment(s) are active.
2020-08-25 11:50:47 7908 [Note] InnoDB: Waiting for purge to start
2020-08-25 11:50:47 7908 [Note] InnoDB: 5.6.13 started; log sequence number 1626666
2020-08-25 11:50:47 7908 [Note] Server hostname (bind-address): '*'; port: 3307
2020-08-25 11:50:47 7908 [Note] IPv6 is available.
2020-08-25 11:50:47 7908 [Note]   - '::' resolves to '::';
2020-08-25 11:50:47 7908 [Note] Server socket created on IP: '::'.
2020-08-25 11:51:54 2596 [Note] Plugin 'FEDERATED' is disabled.
2020-08-25 11:51:54 2596 [Note] InnoDB: The InnoDB memory heap is disabled
2020-08-25 11:51:54 2596 [Note] InnoDB: Mutexes and rw_locks use Windows interlocked functions
2020-08-25 11:51:54 2596 [Note] InnoDB: Compressed tables use zlib 1.2.3
2020-08-25 11:51:54 2596 [Note] InnoDB: Not using CPU crc32 instructions
2020-08-25 11:51:54 2596 [Note] InnoDB: Initializing buffer pool, size = 128.0M
2020-08-25 11:51:54 2596 [Note] InnoDB: Completed initialization of buffer pool
2020-08-25 11:51:54 2596 [Note] InnoDB: Highest supported file format is Barracuda.
2020-08-25 11:51:54 2596 [Note] InnoDB: The log sequence numbers 1626134 and 1626134 in ibdata files do not match the log sequence number 1626676 in the ib_logfiles!
2020-08-25 11:51:54 2596 [Note] InnoDB: Database was not shutdown normally!
2020-08-25 11:51:54 2596 [Note] InnoDB: Starting crash recovery.
2020-08-25 11:51:54 2596 [Note] InnoDB: Reading tablespace information from the .ibd files...
2020-08-25 11:51:54 2596 [Note] InnoDB: Restoring possible half-written data pages 
2020-08-25 11:51:54 2596 [Note] InnoDB: from the doublewrite buffer...
2020-08-25 11:51:54 2596 [Note] InnoDB: 128 rollback segment(s) are active.
2020-08-25 11:51:54 2596 [Note] InnoDB: Waiting for purge to start
2020-08-25 11:51:54 2596 [Note] InnoDB: 5.6.13 started; log sequence number 1626676
2020-08-25 11:51:54 2596 [Note] Server hostname (bind-address): '*'; port: 3307
2020-08-25 11:51:54 2596 [Note] IPv6 is available.
2020-08-25 11:51:54 2596 [Note]   - '::' resolves to '::';
2020-08-25 11:51:54 2596 [Note] Server socket created on IP: '::'.
2020-08-25 11:53:39 9856 [Note] Plugin 'FEDERATED' is disabled.
2020-08-25 11:53:39 9856 [Note] InnoDB: The InnoDB memory heap is disabled
2020-08-25 11:53:39 9856 [Note] InnoDB: Mutexes and rw_locks use Windows interlocked functions
2020-08-25 11:53:39 9856 [Note] InnoDB: Compressed tables use zlib 1.2.3
2020-08-25 11:53:39 9856 [Note] InnoDB: Not using CPU crc32 instructions
2020-08-25 11:53:39 9856 [Note] InnoDB: Initializing buffer pool, size = 128.0M
2020-08-25 11:53:39 9856 [Note] InnoDB: Completed initialization of buffer pool
2020-08-25 11:53:39 9856 [ERROR] InnoDB: C:\Users\eturn\Documents\Database-l2\mysql\data\ibdata1 can't be opened in read-write mode
2020-08-25 11:53:39 9856 [ERROR] InnoDB: The system tablespace must be writable!
2020-08-25 11:53:39 9856 [ERROR] Plugin 'InnoDB' init function returned error.
2020-08-25 11:53:39 9856 [ERROR] Plugin 'InnoDB' registration as a STORAGE ENGINE failed.
2020-08-25 11:53:39 9856 [ERROR] Unknown/unsupported storage engine: InnoDB
2020-08-25 11:53:39 9856 [ERROR] Aborting

2020-08-25 11:53:39 9856 [Note] Binlog end
2020-08-25 11:53:39 9856 [Note] Shutting down plugin 'partition'
2020-08-25 11:53:39 9856 [Note] Shutting down plugin 'PERFORMANCE_SCHEMA'
2020-08-25 11:53:39 9856 [Note] Shutting down plugin 'INNODB_SYS_DATAFILES'
2020-08-25 11:53:39 9856 [Note] Shutting down plugin 'INNODB_SYS_TABLESPACES'
2020-08-25 11:53:39 9856 [Note] Shutting down plugin 'INNODB_SYS_FOREIGN_COLS'
2020-08-25 11:53:39 9856 [Note] Shutting down plugin 'INNODB_SYS_FOREIGN'
2020-08-25 11:53:39 9856 [Note] Shutting down plugin 'INNODB_SYS_FIELDS'
2020-08-25 11:53:39 9856 [Note] Shutting down plugin 'INNODB_SYS_COLUMNS'
2020-08-25 11:53:39 9856 [Note] Shutting down plugin 'INNODB_SYS_INDEXES'
2020-08-25 11:53:39 9856 [Note] Shutting down plugin 'INNODB_SYS_TABLESTATS'
2020-08-25 11:53:39 9856 [Note] Shutting down plugin 'INNODB_SYS_TABLES'
2020-08-25 11:53:39 9856 [Note] Shutting down plugin 'INNODB_FT_INDEX_TABLE'
2020-08-25 11:53:39 9856 [Note] Shutting down plugin 'INNODB_FT_INDEX_CACHE'
2020-08-25 11:53:39 9856 [Note] Shutting down plugin 'INNODB_FT_CONFIG'
2020-08-25 11:53:39 9856 [Note] Shutting down plugin 'INNODB_FT_BEING_DELETED'
2020-08-25 11:53:39 9856 [Note] Shutting down plugin 'INNODB_FT_DELETED'
2020-08-25 11:53:39 9856 [Note] Shutting down plugin 'INNODB_FT_DEFAULT_STOPWORD'
2020-08-25 11:53:39 9856 [Note] Shutting down plugin 'INNODB_METRICS'
2020-08-25 11:53:39 9856 [Note] Shutting down plugin 'INNODB_BUFFER_POOL_STATS'
2020-08-25 11:53:39 9856 [Note] Shutting down plugin 'INNODB_BUFFER_PAGE_LRU'
2020-08-25 11:53:39 9856 [Note] Shutting down plugin 'INNODB_BUFFER_PAGE'
2020-08-25 11:53:39 9856 [Note] Shutting down plugin 'INNODB_CMP_PER_INDEX_RESET'
2020-08-25 11:53:39 9856 [Note] Shutting down plugin 'INNODB_CMP_PER_INDEX'
2020-08-25 11:53:39 9856 [Note] Shutting down plugin 'INNODB_CMPMEM_RESET'
2020-08-25 11:53:39 9856 [Note] Shutting down plugin 'INNODB_CMPMEM'
2020-08-25 11:53:39 9856 [Note] Shutting down plugin 'INNODB_CMP_RESET'
2020-08-25 11:53:39 9856 [Note] Shutting down plugin 'INNODB_CMP'
2020-08-25 11:53:39 9856 [Note] Shutting down plugin 'INNODB_LOCK_WAITS'
2020-08-25 11:53:39 9856 [Note] Shutting down plugin 'INNODB_LOCKS'
2020-08-25 11:53:39 9856 [Note] Shutting down plugin 'INNODB_TRX'
2020-08-25 11:53:39 9856 [Note] Shutting down plugin 'BLACKHOLE'
2020-08-25 11:53:39 9856 [Note] Shutting down plugin 'ARCHIVE'
2020-08-25 11:53:39 9856 [Note] Shutting down plugin 'MRG_MYISAM'
2020-08-25 11:53:39 9856 [Note] Shutting down plugin 'MyISAM'
2020-08-25 11:53:39 9856 [Note] Shutting down plugin 'MEMORY'
2020-08-25 11:53:39 9856 [Note] Shutting down plugin 'CSV'
2020-08-25 11:53:39 9856 [Note] Shutting down plugin 'sha256_password'
2020-08-25 11:53:39 9856 [Note] Shutting down plugin 'mysql_old_password'
2020-08-25 11:53:39 9856 [Note] Shutting down plugin 'mysql_native_password'
2020-08-25 11:53:39 9856 [Note] Shutting down plugin 'binlog'
2020-08-25 11:53:39 9856 [Note] C:\Users\eturn\Documents\Database-l2/mysql/bin/mysqld_usbwv8.exe: Shutdown complete

2020-08-25 11:53:49 13264 [Note] Plugin 'FEDERATED' is disabled.
2020-08-25 11:53:49 13264 [Note] InnoDB: The InnoDB memory heap is disabled
2020-08-25 11:53:49 13264 [Note] InnoDB: Mutexes and rw_locks use Windows interlocked functions
2020-08-25 11:53:49 13264 [Note] InnoDB: Compressed tables use zlib 1.2.3
2020-08-25 11:53:49 13264 [Note] InnoDB: Not using CPU crc32 instructions
2020-08-25 11:53:49 13264 [Note] InnoDB: Initializing buffer pool, size = 128.0M
2020-08-25 11:53:49 13264 [Note] InnoDB: Completed initialization of buffer pool
2020-08-25 11:53:49 13264 [Note] InnoDB: Highest supported file format is Barracuda.
2020-08-25 11:53:49 13264 [Note] InnoDB: The log sequence numbers 1626134 and 1626134 in ibdata files do not match the log sequence number 1626686 in the ib_logfiles!
2020-08-25 11:53:49 13264 [Note] InnoDB: Database was not shutdown normally!
2020-08-25 11:53:49 13264 [Note] InnoDB: Starting crash recovery.
2020-08-25 11:53:49 13264 [Note] InnoDB: Reading tablespace information from the .ibd files...
2020-08-25 11:53:49 13264 [Note] InnoDB: Restoring possible half-written data pages 
2020-08-25 11:53:49 13264 [Note] InnoDB: from the doublewrite buffer...
2020-08-25 11:53:50 13264 [Note] InnoDB: 128 rollback segment(s) are active.
2020-08-25 11:53:50 13264 [Note] InnoDB: Waiting for purge to start
2020-08-25 11:53:50 13264 [Note] InnoDB: 5.6.13 started; log sequence number 1626686
2020-08-25 11:53:50 13264 [Note] Server hostname (bind-address): '*'; port: 3307
2020-08-25 11:53:50 13264 [Note] IPv6 is available.
2020-08-25 11:53:50 13264 [Note]   - '::' resolves to '::';
2020-08-25 11:53:50 13264 [Note] Server socket created on IP: '::'.
2020-08-25 12:01:03 16808 [Note] Plugin 'FEDERATED' is disabled.
2020-08-25 12:01:03 16808 [Note] InnoDB: The InnoDB memory heap is disabled
2020-08-25 12:01:03 16808 [Note] InnoDB: Mutexes and rw_locks use Windows interlocked functions
2020-08-25 12:01:03 16808 [Note] InnoDB: Compressed tables use zlib 1.2.3
2020-08-25 12:01:03 16808 [Note] InnoDB: Not using CPU crc32 instructions
2020-08-25 12:01:03 16808 [Note] InnoDB: Initializing buffer pool, size = 128.0M
2020-08-25 12:01:03 16808 [Note] InnoDB: Completed initialization of buffer pool
2020-08-25 12:01:03 16808 [Note] InnoDB: Highest supported file format is Barracuda.
2020-08-25 12:01:03 16808 [Note] InnoDB: The log sequence numbers 1626134 and 1626134 in ibdata files do not match the log sequence number 1626696 in the ib_logfiles!
2020-08-25 12:01:03 16808 [Note] InnoDB: Database was not shutdown normally!
2020-08-25 12:01:03 16808 [Note] InnoDB: Starting crash recovery.
2020-08-25 12:01:03 16808 [Note] InnoDB: Reading tablespace information from the .ibd files...
2020-08-25 12:01:03 16808 [Note] InnoDB: Restoring possible half-written data pages 
2020-08-25 12:01:03 16808 [Note] InnoDB: from the doublewrite buffer...
2020-08-25 12:01:03 16808 [Note] InnoDB: 128 rollback segment(s) are active.
2020-08-25 12:01:03 16808 [Note] InnoDB: Waiting for purge to start
2020-08-25 12:01:03 16808 [Note] InnoDB: 5.6.13 started; log sequence number 1626696
2020-08-25 12:01:03 16808 [Note] Server hostname (bind-address): '*'; port: 3307
2020-08-25 12:01:03 16808 [Note] IPv6 is available.
2020-08-25 12:01:03 16808 [Note]   - '::' resolves to '::';
2020-08-25 12:01:03 16808 [Note] Server socket created on IP: '::'.
2020-08-26 13:18:10 14940 [Note] Plugin 'FEDERATED' is disabled.
2020-08-26 13:18:10 14940 [Note] InnoDB: The InnoDB memory heap is disabled
2020-08-26 13:18:10 14940 [Note] InnoDB: Mutexes and rw_locks use Windows interlocked functions
2020-08-26 13:18:10 14940 [Note] InnoDB: Compressed tables use zlib 1.2.3
2020-08-26 13:18:10 14940 [Note] InnoDB: Not using CPU crc32 instructions
2020-08-26 13:18:10 14940 [Note] InnoDB: Initializing buffer pool, size = 128.0M
2020-08-26 13:18:10 14940 [Note] InnoDB: Completed initialization of buffer pool
2020-08-26 13:18:10 14940 [Note] InnoDB: Highest supported file format is Barracuda.
2020-08-26 13:18:10 14940 [Note] InnoDB: The log sequence numbers 1626134 and 1626134 in ibdata files do not match the log sequence number 1626706 in the ib_logfiles!
2020-08-26 13:18:10 14940 [Note] InnoDB: Database was not shutdown normally!
2020-08-26 13:18:10 14940 [Note] InnoDB: Starting crash recovery.
2020-08-26 13:18:10 14940 [Note] InnoDB: Reading tablespace information from the .ibd files...
2020-08-26 13:18:10 14940 [Note] InnoDB: Restoring possible half-written data pages 
2020-08-26 13:18:10 14940 [Note] InnoDB: from the doublewrite buffer...
2020-08-26 13:18:11 14940 [Note] InnoDB: 128 rollback segment(s) are active.
2020-08-26 13:18:11 14940 [Note] InnoDB: Waiting for purge to start
2020-08-26 13:18:11 14940 [Note] InnoDB: 5.6.13 started; log sequence number 1626706
2020-08-26 13:18:11 14940 [Note] Server hostname (bind-address): '*'; port: 3307
2020-08-26 13:18:11 14940 [Note] IPv6 is available.
2020-08-26 13:18:11 14940 [Note]   - '::' resolves to '::';
2020-08-26 13:18:11 14940 [Note] Server socket created on IP: '::'.
2020-08-26 16:16:49 13116 [Note] Plugin 'FEDERATED' is disabled.
2020-08-26 16:16:49 13116 [Note] InnoDB: The InnoDB memory heap is disabled
2020-08-26 16:16:49 13116 [Note] InnoDB: Mutexes and rw_locks use Windows interlocked functions
2020-08-26 16:16:49 13116 [Note] InnoDB: Compressed tables use zlib 1.2.3
2020-08-26 16:16:49 13116 [Note] InnoDB: Not using CPU crc32 instructions
2020-08-26 16:16:49 13116 [Note] InnoDB: Initializing buffer pool, size = 128.0M
2020-08-26 16:16:49 13116 [Note] InnoDB: Completed initialization of buffer pool
2020-08-26 16:16:49 13116 [Note] InnoDB: Highest supported file format is Barracuda.
2020-08-26 16:16:49 13116 [Note] InnoDB: The log sequence numbers 1626134 and 1626134 in ibdata files do not match the log sequence number 1626716 in the ib_logfiles!
2020-08-26 16:16:49 13116 [Note] InnoDB: Database was not shutdown normally!
2020-08-26 16:16:49 13116 [Note] InnoDB: Starting crash recovery.
2020-08-26 16:16:49 13116 [Note] InnoDB: Reading tablespace information from the .ibd files...
2020-08-26 16:16:49 13116 [Note] InnoDB: Restoring possible half-written data pages 
2020-08-26 16:16:49 13116 [Note] InnoDB: from the doublewrite buffer...
2020-08-26 16:16:50 13116 [Note] InnoDB: 128 rollback segment(s) are active.
2020-08-26 16:16:50 13116 [Note] InnoDB: Waiting for purge to start
2020-08-26 16:16:50 13116 [Note] InnoDB: 5.6.13 started; log sequence number 1626716
2020-08-26 16:16:50 13116 [Note] Server hostname (bind-address): '*'; port: 3307
2020-08-26 16:16:50 13116 [Note] IPv6 is available.
2020-08-26 16:16:50 13116 [Note]   - '::' resolves to '::';
2020-08-26 16:16:50 13116 [Note] Server socket created on IP: '::'.
2020-08-26 16:20:54 7472 [Note] Plugin 'FEDERATED' is disabled.
2020-08-26 16:20:55 7472 [Note] InnoDB: The InnoDB memory heap is disabled
2020-08-26 16:20:55 7472 [Note] InnoDB: Mutexes and rw_locks use Windows interlocked functions
2020-08-26 16:20:55 7472 [Note] InnoDB: Compressed tables use zlib 1.2.3
2020-08-26 16:20:55 7472 [Note] InnoDB: Not using CPU crc32 instructions
2020-08-26 16:20:55 7472 [Note] InnoDB: Initializing buffer pool, size = 128.0M
2020-08-26 16:20:55 7472 [Note] InnoDB: Completed initialization of buffer pool
2020-08-26 16:20:55 7472 [Note] InnoDB: Highest supported file format is Barracuda.
2020-08-26 16:20:55 7472 [Note] InnoDB: The log sequence numbers 1626134 and 1626134 in ibdata files do not match the log sequence number 1626726 in the ib_logfiles!
2020-08-26 16:20:55 7472 [Note] InnoDB: Database was not shutdown normally!
2020-08-26 16:20:55 7472 [Note] InnoDB: Starting crash recovery.
2020-08-26 16:20:55 7472 [Note] InnoDB: Reading tablespace information from the .ibd files...
2020-08-26 16:20:55 7472 [Note] InnoDB: Restoring possible half-written data pages 
2020-08-26 16:20:55 7472 [Note] InnoDB: from the doublewrite buffer...
2020-08-26 16:20:55 7472 [Note] InnoDB: 128 rollback segment(s) are active.
2020-08-26 16:20:55 7472 [Note] InnoDB: Waiting for purge to start
2020-08-26 16:20:55 7472 [Note] InnoDB: 5.6.13 started; log sequence number 1626726
2020-08-26 16:20:55 7472 [Note] Server hostname (bind-address): '*'; port: 3307
2020-08-26 16:20:55 7472 [Note] IPv6 is available.
2020-08-26 16:20:55 7472 [Note]   - '::' resolves to '::';
2020-08-26 16:20:55 7472 [Note] Server socket created on IP: '::'.
2020-08-26 16:40:45 11284 [Note] Plugin 'FEDERATED' is disabled.
2020-08-26 16:40:45 11284 [Note] InnoDB: The InnoDB memory heap is disabled
2020-08-26 16:40:45 11284 [Note] InnoDB: Mutexes and rw_locks use Windows interlocked functions
2020-08-26 16:40:45 11284 [Note] InnoDB: Compressed tables use zlib 1.2.3
2020-08-26 16:40:45 11284 [Note] InnoDB: Not using CPU crc32 instructions
2020-08-26 16:40:45 11284 [Note] InnoDB: Initializing buffer pool, size = 128.0M
2020-08-26 16:40:45 11284 [Note] InnoDB: Completed initialization of buffer pool
2020-08-26 16:40:45 11284 [Note] InnoDB: Highest supported file format is Barracuda.
2020-08-26 16:40:45 11284 [Note] InnoDB: The log sequence numbers 1626134 and 1626134 in ibdata files do not match the log sequence number 1626736 in the ib_logfiles!
2020-08-26 16:40:45 11284 [Note] InnoDB: Database was not shutdown normally!
2020-08-26 16:40:45 11284 [Note] InnoDB: Starting crash recovery.
2020-08-26 16:40:45 11284 [Note] InnoDB: Reading tablespace information from the .ibd files...
2020-08-26 16:40:46 11284 [Note] InnoDB: Restoring possible half-written data pages 
2020-08-26 16:40:46 11284 [Note] InnoDB: from the doublewrite buffer...
2020-08-26 16:40:46 11284 [Note] InnoDB: 128 rollback segment(s) are active.
2020-08-26 16:40:46 11284 [Note] InnoDB: Waiting for purge to start
2020-08-26 16:40:46 11284 [Note] InnoDB: 5.6.13 started; log sequence number 1626736
2020-08-26 16:40:46 11284 [Note] Server hostname (bind-address): '*'; port: 3307
2020-08-26 16:40:46 11284 [Note] IPv6 is available.
2020-08-26 16:40:46 11284 [Note]   - '::' resolves to '::';
2020-08-26 16:40:46 11284 [Note] Server socket created on IP: '::'.
2020-08-26 17:01:40 7268 [Note] Plugin 'FEDERATED' is disabled.
2020-08-26 17:01:40 7268 [Note] InnoDB: The InnoDB memory heap is disabled
2020-08-26 17:01:40 7268 [Note] InnoDB: Mutexes and rw_locks use Windows interlocked functions
2020-08-26 17:01:40 7268 [Note] InnoDB: Compressed tables use zlib 1.2.3
2020-08-26 17:01:40 7268 [Note] InnoDB: Not using CPU crc32 instructions
2020-08-26 17:01:40 7268 [Note] InnoDB: Initializing buffer pool, size = 128.0M
2020-08-26 17:01:40 7268 [Note] InnoDB: Completed initialization of buffer pool
2020-08-26 17:01:40 7268 [Note] InnoDB: Highest supported file format is Barracuda.
2020-08-26 17:01:40 7268 [Note] InnoDB: The log sequence numbers 1626134 and 1626134 in ibdata files do not match the log sequence number 1626746 in the ib_logfiles!
2020-08-26 17:01:40 7268 [Note] InnoDB: Database was not shutdown normally!
2020-08-26 17:01:40 7268 [Note] InnoDB: Starting crash recovery.
2020-08-26 17:01:40 7268 [Note] InnoDB: Reading tablespace information from the .ibd files...
2020-08-26 17:01:40 7268 [Note] InnoDB: Restoring possible half-written data pages 
2020-08-26 17:01:40 7268 [Note] InnoDB: from the doublewrite buffer...
2020-08-26 17:01:47 10040 [Note] Plugin 'FEDERATED' is disabled.
2020-08-26 17:01:47 10040 [Note] InnoDB: The InnoDB memory heap is disabled
2020-08-26 17:01:47 10040 [Note] InnoDB: Mutexes and rw_locks use Windows interlocked functions
2020-08-26 17:01:47 10040 [Note] InnoDB: Compressed tables use zlib 1.2.3
2020-08-26 17:01:47 10040 [Note] InnoDB: Not using CPU crc32 instructions
2020-08-26 17:01:47 10040 [Note] InnoDB: Initializing buffer pool, size = 128.0M
2020-08-26 17:01:47 10040 [Note] InnoDB: Completed initialization of buffer pool
2020-08-26 17:01:47 10040 [Note] InnoDB: Highest supported file format is Barracuda.
2020-08-26 17:01:47 10040 [Note] InnoDB: The log sequence numbers 1626134 and 1626134 in ibdata files do not match the log sequence number 1626746 in the ib_logfiles!
2020-08-26 17:01:47 10040 [Note] InnoDB: Database was not shutdown normally!
2020-08-26 17:01:47 10040 [Note] InnoDB: Starting crash recovery.
2020-08-26 17:01:47 10040 [Note] InnoDB: Reading tablespace information from the .ibd files...
2020-08-26 17:01:47 10040 [Note] InnoDB: Restoring possible half-written data pages 
2020-08-26 17:01:47 10040 [Note] InnoDB: from the doublewrite buffer...
2020-08-26 17:01:47 10040 [Note] InnoDB: 128 rollback segment(s) are active.
2020-08-26 17:01:47 10040 [Note] InnoDB: Waiting for purge to start
2020-08-26 17:01:47 10040 [Note] InnoDB: 5.6.13 started; log sequence number 1626746
2020-08-26 17:01:47 10040 [Note] Server hostname (bind-address): '*'; port: 3307
2020-08-26 17:01:47 10040 [Note] IPv6 is available.
2020-08-26 17:01:47 10040 [Note]   - '::' resolves to '::';
2020-08-26 17:01:47 10040 [Note] Server socket created on IP: '::'.
2020-08-27 07:52:31 11376 [Note] Plugin 'FEDERATED' is disabled.
2020-08-27 07:52:31 11376 [Note] InnoDB: The InnoDB memory heap is disabled
2020-08-27 07:52:31 11376 [Note] InnoDB: Mutexes and rw_locks use Windows interlocked functions
2020-08-27 07:52:31 11376 [Note] InnoDB: Compressed tables use zlib 1.2.3
2020-08-27 07:52:31 11376 [Note] InnoDB: Not using CPU crc32 instructions
2020-08-27 07:52:31 11376 [Note] InnoDB: Initializing buffer pool, size = 128.0M
2020-08-27 07:52:31 11376 [Note] InnoDB: Completed initialization of buffer pool
2020-08-27 07:52:32 11376 [Note] InnoDB: Highest supported file format is Barracuda.
2020-08-27 07:52:32 11376 [Note] InnoDB: The log sequence numbers 1626134 and 1626134 in ibdata files do not match the log sequence number 1870505 in the ib_logfiles!
2020-08-27 07:52:32 11376 [Note] InnoDB: Database was not shutdown normally!
2020-08-27 07:52:32 11376 [Note] InnoDB: Starting crash recovery.
2020-08-27 07:52:32 11376 [Note] InnoDB: Reading tablespace information from the .ibd files...
2020-08-27 07:52:32 11376 [Note] InnoDB: Restoring possible half-written data pages 
2020-08-27 07:52:32 11376 [Note] InnoDB: from the doublewrite buffer...
2020-08-27 07:52:33 11376 [Note] InnoDB: 128 rollback segment(s) are active.
2020-08-27 07:52:33 11376 [Note] InnoDB: Waiting for purge to start
2020-08-27 07:52:33 11376 [Note] InnoDB: 5.6.13 started; log sequence number 1870505
2020-08-27 07:52:33 11376 [Note] Server hostname (bind-address): '*'; port: 3307
2020-08-27 07:52:33 11376 [Note] IPv6 is available.
2020-08-27 07:52:33 11376 [Note]   - '::' resolves to '::';
2020-08-27 07:52:33 11376 [Note] Server socket created on IP: '::'.
2020-08-27 14:24:06 11656 [Note] Plugin 'FEDERATED' is disabled.
2020-08-27 14:24:06 11656 [Note] InnoDB: The InnoDB memory heap is disabled
2020-08-27 14:24:06 11656 [Note] InnoDB: Mutexes and rw_locks use Windows interlocked functions
2020-08-27 14:24:06 11656 [Note] InnoDB: Compressed tables use zlib 1.2.3
2020-08-27 14:24:06 11656 [Note] InnoDB: Not using CPU crc32 instructions
2020-08-27 14:24:06 11656 [Note] InnoDB: Initializing buffer pool, size = 128.0M
2020-08-27 14:24:06 11656 [Note] InnoDB: Completed initialization of buffer pool
2020-08-27 14:24:06 11656 [Note] InnoDB: Highest supported file format is Barracuda.
2020-08-27 14:24:06 11656 [Note] InnoDB: The log sequence numbers 1626134 and 1626134 in ibdata files do not match the log sequence number 1870515 in the ib_logfiles!
2020-08-27 14:24:06 11656 [Note] InnoDB: Database was not shutdown normally!
2020-08-27 14:24:06 11656 [Note] InnoDB: Starting crash recovery.
2020-08-27 14:24:06 11656 [Note] InnoDB: Reading tablespace information from the .ibd files...
2020-08-27 14:24:06 11656 [Note] InnoDB: Restoring possible half-written data pages 
2020-08-27 14:24:06 11656 [Note] InnoDB: from the doublewrite buffer...
2020-08-27 14:24:07 11656 [Note] InnoDB: 128 rollback segment(s) are active.
2020-08-27 14:24:07 11656 [Note] InnoDB: Waiting for purge to start
2020-08-27 14:24:07 11656 [Note] InnoDB: 5.6.13 started; log sequence number 1870515
2020-08-27 14:24:07 11656 [Note] Server hostname (bind-address): '*'; port: 3307
2020-08-27 14:24:07 11656 [Note] IPv6 is available.
2020-08-27 14:24:07 11656 [Note]   - '::' resolves to '::';
2020-08-27 14:24:07 11656 [Note] Server socket created on IP: '::'.
2020-08-27 20:35:17 7760 [Note] Plugin 'FEDERATED' is disabled.
2020-08-27 20:35:17 7760 [Note] InnoDB: The InnoDB memory heap is disabled
2020-08-27 20:35:17 7760 [Note] InnoDB: Mutexes and rw_locks use Windows interlocked functions
2020-08-27 20:35:17 7760 [Note] InnoDB: Compressed tables use zlib 1.2.3
2020-08-27 20:35:17 7760 [Note] InnoDB: Not using CPU crc32 instructions
2020-08-27 20:35:17 7760 [Note] InnoDB: Initializing buffer pool, size = 128.0M
2020-08-27 20:35:17 7760 [Note] InnoDB: Completed initialization of buffer pool
2020-08-27 20:35:17 7760 [Note] InnoDB: Highest supported file format is Barracuda.
2020-08-27 20:35:17 7760 [Note] InnoDB: The log sequence numbers 1626134 and 1626134 in ibdata files do not match the log sequence number 1870525 in the ib_logfiles!
2020-08-27 20:35:17 7760 [Note] InnoDB: Database was not shutdown normally!
2020-08-27 20:35:17 7760 [Note] InnoDB: Starting crash recovery.
2020-08-27 20:35:17 7760 [Note] InnoDB: Reading tablespace information from the .ibd files...
2020-08-27 20:35:17 7760 [Note] InnoDB: Restoring possible half-written data pages 
2020-08-27 20:35:17 7760 [Note] InnoDB: from the doublewrite buffer...
2020-08-27 20:35:17 7760 [Note] InnoDB: 128 rollback segment(s) are active.
2020-08-27 20:35:17 7760 [Note] InnoDB: Waiting for purge to start
2020-08-27 20:35:17 7760 [Note] InnoDB: 5.6.13 started; log sequence number 1870525
2020-08-27 20:35:17 7760 [Note] Server hostname (bind-address): '*'; port: 3307
2020-08-27 20:35:17 7760 [Note] IPv6 is available.
2020-08-27 20:35:17 7760 [Note]   - '::' resolves to '::';
2020-08-27 20:35:17 7760 [Note] Server socket created on IP: '::'.
2020-08-30 14:39:44 1480 [Note] Plugin 'FEDERATED' is disabled.
2020-08-30 14:39:44 14356 [Note] Plugin 'FEDERATED' is disabled.
2020-08-30 14:39:44 1480 [Note] InnoDB: The InnoDB memory heap is disabled
2020-08-30 14:39:44 1480 [Note] InnoDB: Mutexes and rw_locks use Windows interlocked functions
2020-08-30 14:39:44 1480 [Note] InnoDB: Compressed tables use zlib 1.2.3
2020-08-30 14:39:44 1480 [Note] InnoDB: Not using CPU crc32 instructions
2020-08-30 14:39:44 14356 [Note] InnoDB: The InnoDB memory heap is disabled
2020-08-30 14:39:44 14356 [Note] InnoDB: Mutexes and rw_locks use Windows interlocked functions
2020-08-30 14:39:44 14356 [Note] InnoDB: Compressed tables use zlib 1.2.3
2020-08-30 14:39:44 14356 [Note] InnoDB: Not using CPU crc32 instructions
2020-08-30 14:39:44 1480 [Note] InnoDB: Initializing buffer pool, size = 128.0M
2020-08-30 14:39:44 1480 [Note] InnoDB: Completed initialization of buffer pool
2020-08-30 14:39:44 14356 [Note] InnoDB: Initializing buffer pool, size = 128.0M
2020-08-30 14:39:44 14356 [Note] InnoDB: Completed initialization of buffer pool
2020-08-30 14:39:44 14356 [ERROR] InnoDB: C:\Users\eturn\Documents\Database-l2\mysql\data\ibdata1 can't be opened in read-write mode
2020-08-30 14:39:44 14356 [ERROR] InnoDB: The system tablespace must be writable!
2020-08-30 14:39:44 14356 [ERROR] Plugin 'InnoDB' init function returned error.
2020-08-30 14:39:44 14356 [ERROR] Plugin 'InnoDB' registration as a STORAGE ENGINE failed.
2020-08-30 14:39:44 14356 [ERROR] Unknown/unsupported storage engine: InnoDB
2020-08-30 14:39:44 14356 [ERROR] Aborting

2020-08-30 14:39:44 14356 [Note] Binlog end
2020-08-30 14:39:44 14356 [Note] Shutting down plugin 'partition'
2020-08-30 14:39:44 14356 [Note] Shutting down plugin 'PERFORMANCE_SCHEMA'
2020-08-30 14:39:44 14356 [Note] Shutting down plugin 'INNODB_SYS_DATAFILES'
2020-08-30 14:39:44 14356 [Note] Shutting down plugin 'INNODB_SYS_TABLESPACES'
2020-08-30 14:39:44 14356 [Note] Shutting down plugin 'INNODB_SYS_FOREIGN_COLS'
2020-08-30 14:39:44 1480 [Note] InnoDB:2H020-08-i0 14:39:4upported file format is Barracuda.
 'INNODB_SYS_FOREIGN'
2020-08-30 14:39:44 14356 [Note] Shutting down plugin 'INNODB_SYS_FIELDS'
2020-08-30 14:39:44 14356 [Note] Shutting down plugin 'INNODB_SYS_COLUMNS'
2020-08-30 14:39:44 14356 [Note] Shutting down plugin 'INNODB_SYS_INDEXES'
2020-08-30 14:39:44 1480 [Note] InnoDB: The log sequence numbers 1626134 and 1626134 in ibdata files do not match the log sequence number 1881475 in the ib_logfiles!
2020-08-30 14:39:44 143:39:44 1480 [Note] InnoDB: Database was not shutdown nor
mally!
2020-08-30 14:39:44 14356 [Note] Shutting down plugin 'INNODB_SYS_TABLES'
2020-08-30 14:39:44 1480 [Note] InnoDB: Starting crash recovery.
2020-08-30 14:39:44 14356 [Note] Shutting down2pl0-08-30 14:39:44 1480 [Note] InnoDugin 'INNODB_Flespace information from the .ibd files...
T_INDEX_TABLE'
2020-08-30 14:39:44 14356 [Note] Shutting down plugin 'INNODB_FT_INDEX_CACHE'
2020-08-30 14:39:44 14356 [Note] Shutting down plugin 'INNODB_FT_CONFIG'
2020-08-30 14:39:44 14356 [Note] Shutting down plugin 'INNODB_FT_BEING_DELETED'
2020-08-30 14:39:44 14356 [Note] Shutting down plugin 'INNODB_FT_DELETED'
2020-08-30 14:39:44 14356 [Note] Shutting down plugin 'INNODB_FT_DEFAULT_STOPWORD'
2020-08-30 14:39:44 14356 [Note] Shutting down plugin 'INNODB_METRICS'
2020-08-30 14:39:44 14356 [Note] Shutting down plugin 'INNODB_BUFFER_POOL_STATS'
2020-08-30 14:39:45 14356 [Note] Shutting down plugin 'INNODB_BUFFER_PAGE_LRU'
2020-08-30 14:39:45 14356 [Note] Shutting down plugin 'INNODB_BUFFER_PAGE'
2020-08-30 14:39:45 14356 [Note] Shutting down plugin 'INNODB_CMP_PER_INDEX_RESET'
2020-08-30 14:39:45 14356 [Note] Shutting down plugin 'INNODB_CMP_PER_INDEX'
2020-08-30 14:39:45 14356 [Note] Shutting down plugin 'INNODB_CMPMEM_RESET'
2020-08-30 14:39:45 14356 [Note] Shutting down plugin 'INNODB_CMPMEM'
2020-08-30 14:39:45 14356 [Note] Shutting down plugin 'INNODB_CMP_RESET'
2020-08-30 14:39:45 14356 [Note] Shutting down plugin 'INNODB_CMP'
2020-08-30 14:39:45 14356 [Note] Shutting down plugin 'INNODB_LOCK_WAITS'
2020-08-30 14:39:45 14356 [Note] Shutting down plugin 'INNODB_LOCKS'
2020-08-30 14:39:45 14356 [Note] Shutting down plugin 'INNODB_TRX'
2020-08-30 14:39:45 14356 [Note] Shutting down plugin 'BLACKHOLE'
2020-08-30 14:39:45 14356 [Note] Shutting down plugin 'ARCHIVE'
2020-08-30 14:39:45 14356 [Note] Shutting down plugin 'MRG_MYISAM'
2020-08-30 14:39:45 14356 [Note] Shutting down plugin 'MyISAM'
2020-08-30 14:39:45 14356 [Note] Shutting down plugin 'MEMORY'
2020-08-30 14:39:45 14356 [Note] Shutting down plugin 'CSV'
2020-08-30 14:39:45 14356 [Note] Shutting down plugin 'sha256_password'
2020-08-30 14:39:45 14356 [Note] Shutting down plugin 'mysql_old_password'
2020-08-30 14:39:45 14356 [Note] Shutting down plugin 'mysql_native_password'
2020-08-30 14:39:45 14356 [Note] Shutting down plugin 'binlog'
2020-08-30 14:39:45 14356 [Note] C:\Users\eturn\Documents\Database-l2/mysql/bin/mysqld_usbwv8.exe: Shutdown complete

2020-08-30 14:39:45 1480 [Note] InnoDB: Restoring possible half-written data pages 
2020-08-30 14:39:45 1480 [Note] InnoDB: from the doublewrite buffer...
2020-08-30 14:39:45 1480 [Note] InnoDB: 128 rollback segment(s) are active.
2020-08-30 14:39:45 1480 [Note] InnoDB: Waiting for purge to start
2020-08-30 14:39:45 1480 [Note] InnoDB: 5.6.13 started; log sequence number 1881475
2020-08-30 14:39:45 1480 [Note] Server hostname (bind-address): '*'; port: 3307
2020-08-30 14:39:45 1480 [Note] IPv6 is available.
2020-08-30 14:39:45 1480 [Note]   - '::' resolves to '::';
2020-08-30 14:39:45 1480 [Note] Server socket created on IP: '::'.
2020-08-30 14:40:15 14960 [Note] Plugin 'FEDERATED' is disabled.
2020-08-30 14:40:15 14960 [Note] InnoDB: The InnoDB memory heap is disabled
2020-08-30 14:40:15 14960 [Note] InnoDB: Mutexes and rw_locks use Windows interlocked functions
2020-08-30 14:40:15 14960 [Note] InnoDB: Compressed tables use zlib 1.2.3
2020-08-30 14:40:15 14960 [Note] InnoDB: Not using CPU crc32 instructions
2020-08-30 14:40:15 14960 [Note] InnoDB: Initializing buffer pool, size = 128.0M
2020-08-30 14:40:15 14960 [Note] InnoDB: Completed initialization of buffer pool
2020-08-30 14:40:15 14960 [Note] InnoDB: Highest supported file format is Barracuda.
2020-08-30 14:40:15 14960 [Note] InnoDB: The log sequence numbers 1626134 and 1626134 in ibdata files do not match the log sequence number 1881485 in the ib_logfiles!
2020-08-30 14:40:15 14960 [Note] InnoDB: Database was not shutdown normally!
2020-08-30 14:40:15 14960 [Note] InnoDB: Starting crash recovery.
2020-08-30 14:40:15 14960 [Note] InnoDB: Reading tablespace information from the .ibd files...
2020-08-30 14:40:15 14960 [Note] InnoDB: Restoring possible half-written data pages 
2020-08-30 14:40:15 14960 [Note] InnoDB: from the doublewrite buffer...
2020-08-30 14:40:16 14960 [Note] InnoDB: 128 rollback segment(s) are active.
2020-08-30 14:40:16 14960 [Note] InnoDB: Waiting for purge to start
2020-08-30 14:40:16 14960 [Note] InnoDB: 5.6.13 started; log sequence number 1881485
2020-08-30 14:40:16 14960 [Note] Server hostname (bind-address): '*'; port: 3307
2020-08-30 14:40:16 14960 [Note] IPv6 is available.
2020-08-30 14:40:16 14960 [Note]   - '::' resolves to '::';
2020-08-30 14:40:16 14960 [Note] Server socket created on IP: '::'.
2020-08-31 09:03:00 17116 [Note] Plugin 'FEDERATED' is disabled.
2020-08-31 09:03:00 17116 [Note] InnoDB: The InnoDB memory heap is disabled
2020-08-31 09:03:00 17116 [Note] InnoDB: Mutexes and rw_locks use Windows interlocked functions
2020-08-31 09:03:00 17116 [Note] InnoDB: Compressed tables use zlib 1.2.3
2020-08-31 09:03:00 17116 [Note] InnoDB: Not using CPU crc32 instructions
2020-08-31 09:03:00 17116 [Note] InnoDB: Initializing buffer pool, size = 128.0M
2020-08-31 09:03:00 17116 [Note] InnoDB: Completed initialization of buffer pool
2020-08-31 09:03:00 17116 [Note] InnoDB: Highest supported file format is Barracuda.
2020-08-31 09:03:00 17116 [Note] InnoDB: The log sequence numbers 1626134 and 1626134 in ibdata files do not match the log sequence number 1882303 in the ib_logfiles!
2020-08-31 09:03:00 17116 [Note] InnoDB: Database was not shutdown normally!
2020-08-31 09:03:00 17116 [Note] InnoDB: Starting crash recovery.
2020-08-31 09:03:00 17116 [Note] InnoDB: Reading tablespace information from the .ibd files...
2020-08-31 09:03:01 17116 [Note] InnoDB: Restoring possible half-written data pages 
2020-08-31 09:03:01 17116 [Note] InnoDB: from the doublewrite buffer...
2020-08-31 09:03:01 17116 [Note] InnoDB: 128 rollback segment(s) are active.
2020-08-31 09:03:01 17116 [Note] InnoDB: Waiting for purge to start
2020-08-31 09:03:01 17116 [Note] InnoDB: Waiting for purge to start
2020-08-31 09:03:01 17116 [Note] InnoDB: 5.6.13 started; log sequence number 1882303
2020-08-31 09:03:01 17116 [Note] Server hostname (bind-address): '*'; port: 3307
2020-08-31 09:03:01 17116 [Note] IPv6 is available.
2020-08-31 09:03:01 17116 [Note]   - '::' resolves to '::';
2020-08-31 09:03:01 17116 [Note] Server socket created on IP: '::'.
